info it worked if it ends with ok
verbose cli [ 'node', '/usr/local/bin/npm', 'install', 'mesh', '-g' ]
info using npm@1.1.8
info using node@v0.6.12
verbose config file /Users/craigcondon/.npmrc
verbose config file /usr/local/etc/npmrc
verbose config file /usr/local/lib/node_modules/npm/npmrc
silly exec /usr/local/bin/node "/usr/local/lib/node_modules/npm/bin/npm-get-uid-gid.js" "nobody" 20
silly spawning [ '/usr/local/bin/node',
silly spawning   [ '/usr/local/lib/node_modules/npm/bin/npm-get-uid-gid.js',
silly spawning     'nobody',
silly spawning     20 ],
silly spawning   null ]
silly output from getuid/gid {"uid":-2,"gid":20}
silly output from getuid/gid 
verbose cache add [ 'mesh', null ]
silly cache add: name, spec, args [ undefined, 'mesh', [ 'mesh', null ] ]
verbose parsed url { pathname: 'mesh', path: 'mesh', href: 'mesh' }
verbose addNamed [ 'mesh', '' ]
verbose addNamed [ null, '' ]
silly name, range, hasData [ 'mesh', '', false ]
verbose raw, before any munging mesh
verbose url resolving [ 'https://registry.npmjs.org/', './mesh' ]
verbose url resolved https://registry.npmjs.org/mesh
verbose etag "C2LWRYF0PU7R22S47X5ODEBEO"
http GET https://registry.npmjs.org/mesh
http 304 https://registry.npmjs.org/mesh
silly get cb [ 304,
silly get cb   { server: 'CouchDB/1.2.0 (Erlang OTP/R15B)',
silly get cb     etag: '"C2LWRYF0PU7R22S47X5ODEBEO"',
silly get cb     date: 'Wed, 14 Mar 2012 00:16:11 GMT',
silly get cb     'content-length': '0' } ]
verbose etag mesh from cache
silly name, range, hasData 2 [ 'mesh', '', true ]
silly versions [ 'mesh',
silly versions   [ '0.0.2',
silly versions     '0.0.3',
silly versions     '0.0.4',
silly versions     '0.0.5',
silly versions     '0.0.6',
silly versions     '0.0.8',
silly versions     '0.0.9',
silly versions     '0.0.10',
silly versions     '0.0.11',
silly versions     '0.0.12',
silly versions     '0.0.13',
silly versions     '0.0.14',
silly versions     '0.0.15' ] ]
verbose bin dist [ '0.6-ares1.7.5-DEV-evundefined-openssl1.0.0e-v83.6.6.24-darwin-x64-10.7.0',
verbose bin dist   { shasum: '4c0af2c24a31a800626c20a65cbc0ebd1567cb3f',
verbose bin dist     tarball: 'http://registry.npmjs.org/mesh/-/mesh-0.0.15.tgz' } ]
verbose caching /Users/craigcondon/.npm/mesh/0.0.15/package/package.json
verbose loadDefaults mesh@0.0.15
silly resolved [ { name: 'mesh',
silly resolved     description: 'Write one app, deploy to many platforms',
silly resolved     repository: { url: '' },
silly resolved     version: '0.0.15',
silly resolved     engines: { node: '*' },
silly resolved     dependencies: 
silly resolved      { celeri: '<0.3',
silly resolved        ncp: '<0.3',
silly resolved        beanie: '0.0.x',
silly resolved        scaffoldit: '<0.2.0',
silly resolved        outcome: '<0.2.0',
silly resolved        underscore: '1.3.x',
silly resolved        mkdirp: '0.3.x',
silly resolved        async: '0.1.x',
silly resolved        colors: '0.6.x',
silly resolved        stepc: '0.0.x',
silly resolved        handlebars: '1.0.x',
silly resolved        seq: '0.3.x',
silly resolved        resolve: '0.1.x',
silly resolved        'uglify-js': '1.2.x',
silly resolved        crc32: '0.2.x',
silly resolved        rmdirr: '0.0.x',
silly resolved        catchall: '0.0.x',
silly resolved        structr: '0.1.x',
silly resolved        dirmr: '0.0.x',
silly resolved        traverse: '0.6.x',
silly resolved        'html-minifier': 'https://github.com/crcn/html-minifier/tarball/gh-pages',
silly resolved        beanpoll: '0.2.x',
silly resolved        plugin: '0.0.x',
silly resolved        walkr: '0.0.x',
silly resolved        capirona: '0.0.x',
silly resolved        sprintf: '0.1.x',
silly resolved        'underscore.string': '2.0.x',
silly resolved        optimist: '0.3.x' },
silly resolved     devDependencies: {},
silly resolved     main: './lib/index.js',
silly resolved     scripts: {},
silly resolved     bin: { mesh: './bin/mesh' },
silly resolved     _npmUser: { name: 'architectd', email: 'craig.j.condon@gmail.com' },
silly resolved     _id: 'mesh@0.0.15',
silly resolved     optionalDependencies: {},
silly resolved     _engineSupported: true,
silly resolved     _npmVersion: '1.1.8',
silly resolved     _nodeVersion: 'v0.6.12',
silly resolved     _defaultsLoaded: true,
silly resolved     _from: 'mesh' } ]
info into /usr/local/lib mesh@0.0.15
info installOne mesh@0.0.15
verbose from cache /Users/craigcondon/.npm/mesh/0.0.15/package/package.json
info unbuild /usr/local/lib/node_modules/mesh
verbose caching /usr/local/lib/node_modules/mesh/package.json
info preuninstall mesh@0.0.15
info uninstall mesh@0.0.15
verbose unbuild mesh@0.0.15 [ true,
verbose unbuild mesh@0.0.15   '/usr/local/lib/node_modules',
verbose unbuild mesh@0.0.15   '/usr/local/lib/node_modules' ]
verbose binRoot [ '/usr/local/bin', { mesh: './bin/mesh' } ]
info postuninstall mesh@0.0.15
info unbuild /usr/local/lib/node_modules/mesh
ERR! error rolling back mesh@0.0.15 Error: UNKNOWN, unknown error '/usr/local/lib/node_modules/mesh/node_modules/scaffoldit/node_modules/findit/test/symlinks/dir1'
ERR! Error: UNKNOWN, unknown error '/usr/local/lib/node_modules/mesh/node_modules/scaffoldit/node_modules/findit/test/symlinks/dir1'
ERR! You may report this log at:
ERR!     <http://github.com/isaacs/npm/issues>
ERR! or email it to:
ERR!     <npm-@googlegroups.com>
ERR! 
ERR! System Darwin 10.7.0
ERR! command "node" "/usr/local/bin/npm" "install" "mesh" "-g"
ERR! cwd /Users/craigcondon/Development/eyebrowse/projects
ERR! node -v v0.6.12
ERR! npm -v 1.1.8
ERR! path /usr/local/lib/node_modules/mesh/node_modules/scaffoldit/node_modules/findit/test/symlinks/dir1
ERR! code UNKNOWN
ERR! message UNKNOWN, unknown error '/usr/local/lib/node_modules/mesh/node_modules/scaffoldit/node_modules/findit/test/symlinks/dir1'
ERR! errno {}
verbose exit [ 1, true ]
