info it worked if it ends with ok
verbose cli [ 'node',
verbose cli   '/usr/local/bin/npm',
verbose cli   'install',
verbose cli   'git+https://github.com/tsyd/proxy-tamper.git' ]
info using npm@1.0.104
info using node@v0.6.0
verbose config file /Users/craigcondon/.npmrc
verbose config file /usr/local/etc/npmrc
verbose config file /usr/local/lib/node_modules/npm/npmrc
silly testEngine { name: 'desktopcontroller',
silly testEngine   description: 'Remote Desktop Controller',
silly testEngine   version: '0.0.1',
silly testEngine   repository: { url: '' },
silly testEngine   engines: { node: '*' },
silly testEngine   dependencies: 
silly testEngine    { dnode: '*',
silly testEngine      haba: '*',
silly testEngine      'haba.dnode': '*',
silly testEngine      beanpoll: '*',
silly testEngine      thrift: '*',
silly testEngine      express: '*',
silly testEngine      'proxy-tamper': 'git+https://github.com/tsyd/proxy-tamper.git' },
silly testEngine   devDependencies: {},
silly testEngine   main: './lib/index.js',
silly testEngine   _npmUser: { name: 'architectd', email: 'craig.j.condon@gmail.com' },
silly testEngine   _id: 'desktopcontroller@0.0.1',
silly testEngine   _engineSupported: true,
silly testEngine   _npmVersion: '1.0.104',
silly testEngine   _nodeVersion: 'v0.6.0',
silly testEngine   _defaultsLoaded: true }
verbose caching /Users/craigcondon/Dropbox/Developer/Jobs/xbrowsertesting/private/DesktopController/node/package.json
verbose loadDefaults desktopcontroller@0.0.1
silly testEngine { name: 'beanpoll',
silly testEngine   description: 'Routing on Steroids',
silly testEngine   version: '0.2.3',
silly testEngine   author: { name: 'Craig Condon' },
silly testEngine   repository: { type: 'git', url: 'git://github.com/crcn/beanpole.git' },
silly testEngine   directories: { lib: './lib' },
silly testEngine   dependencies: { crema: '<0.2.0', underscore: '*' },
silly testEngine   devDependencies: { 'ebnf-diagram': '*', vows: '<0.7.0', haba: '<0.1.0' },
silly testEngine   main: './lib/index.js',
silly testEngine   _npmUser: { name: 'architectd', email: 'craig.j.condon@gmail.com' },
silly testEngine   _id: 'beanpoll@0.2.3',
silly testEngine   engines: { node: '*' },
silly testEngine   _engineSupported: true,
silly testEngine   _npmVersion: '1.0.104',
silly testEngine   _nodeVersion: 'v0.6.0',
silly testEngine   _defaultsLoaded: true }
verbose caching /Users/craigcondon/Dropbox/Developer/Jobs/xbrowsertesting/private/DesktopController/node/node_modules/beanpoll/package.json
verbose loadDefaults beanpoll@0.2.3
silly testEngine { name: 'daisy',
silly testEngine   description: 'Abstracted MQ for rabbitmq',
silly testEngine   version: '0.0.7',
silly testEngine   author: { name: 'Craig Condon' },
silly testEngine   repository: { type: 'git', url: 'git://github.com/crcn/daisy.git' },
silly testEngine   directories: { lib: './lib/beans' },
silly testEngine   dependencies: 
silly testEngine    { beanpole: '*',
silly testEngine      amqp: '*',
silly testEngine      cashew: '*',
silly testEngine      structr: '*',
silly testEngine      colors: '*',
silly testEngine      vine: '*',
silly testEngine      underscore: '*',
silly testEngine      yaconfig: '*' },
silly testEngine   main: './lib/index.js',
silly testEngine   bin: { daisy: './bin/server' },
silly testEngine   _npmUser: { name: 'architectd', email: 'craig.j.condon@gmail.com' },
silly testEngine   _id: 'daisy@0.0.7',
silly testEngine   devDependencies: {},
silly testEngine   engines: { node: '*' },
silly testEngine   _engineSupported: true,
silly testEngine   _npmVersion: '1.0.104',
silly testEngine   _nodeVersion: 'v0.6.0',
silly testEngine   _defaultsLoaded: true }
verbose caching /Users/craigcondon/Dropbox/Developer/Jobs/xbrowsertesting/private/DesktopController/node/node_modules/daisy/package.json
verbose loadDefaults daisy@0.0.7
silly testEngine { name: 'dnode',
silly testEngine   version: '0.9.6',
silly testEngine   description: 'freestyle RPC',
silly testEngine   main: './index.js',
silly testEngine   keywords: 
silly testEngine    [ 'message passing',
silly testEngine      'rpc',
silly testEngine      'rmi',
silly testEngine      'drb',
silly testEngine      'remote',
silly testEngine      'communication',
silly testEngine      'websockets',
silly testEngine      'socket.io' ],
silly testEngine   repository: { type: 'git', url: 'git://github.com/substack/dnode.git' },
silly testEngine   directories: { lib: '.', examples: './examples' },
silly testEngine   dependencies: 
silly testEngine    { 'socket.io': '0.8.6',
silly testEngine      'socket.io-client': 'https://github.com/substack/socket.io-client/tarball/master',
silly testEngine      lazy: '>=1.0.5 <1.1',
silly testEngine      traverse: '0.4.x',
silly testEngine      'dnode-protocol': '0.1.x',
silly testEngine      jsonify: '0.0.x' },
silly testEngine   devDependencies: { tap: '0.0.x', browserify: '1.4.x', 'uglify-js': '1.0.6' },
silly testEngine   scripts: { test: 'tap test/*.js' },
silly testEngine   browserify: 'browser/index.js',
silly testEngine   engine: { node: '>=0.4.0' },
silly testEngine   author: 
silly testEngine    { name: 'James Halliday',
silly testEngine      email: 'mail@substack.net',
silly testEngine      url: 'http://substack.net' },
silly testEngine   _npmUser: { name: 'architectd', email: 'craig.j.condon@gmail.com' },
silly testEngine   _id: 'dnode@0.9.6',
silly testEngine   engines: { node: '*' },
silly testEngine   _engineSupported: true,
silly testEngine   _npmVersion: '1.0.104',
silly testEngine   _nodeVersion: 'v0.6.0',
silly testEngine   _defaultsLoaded: true }
verbose caching /Users/craigcondon/Dropbox/Developer/Jobs/xbrowsertesting/private/DesktopController/node/node_modules/dnode/package.json
verbose loadDefaults dnode@0.9.6
silly testEngine { name: 'express',
silly testEngine   description: 'Sinatra inspired web development framework',
silly testEngine   version: '2.5.5',
silly testEngine   author: { name: 'TJ Holowaychuk', email: 'tj@vision-media.ca' },
silly testEngine   contributors: 
silly testEngine    [ { name: 'TJ Holowaychuk', email: 'tj@vision-media.ca' },
silly testEngine      { name: 'Aaron Heckmann',
silly testEngine        email: 'aaron.heckmann+github@gmail.com' },
silly testEngine      { name: 'Ciaran Jessup', email: 'ciaranj@gmail.com' },
silly testEngine      { name: 'Guillermo Rauch', email: 'rauchg@gmail.com' } ],
silly testEngine   dependencies: 
silly testEngine    { connect: '1.x',
silly testEngine      mime: '>= 0.0.1',
silly testEngine      qs: '>= 0.3.1',
silly testEngine      mkdirp: '0.0.7' },
silly testEngine   devDependencies: 
silly testEngine    { 'connect-form': '0.2.1',
silly testEngine      ejs: '0.4.2',
silly testEngine      expresso: '0.9.2',
silly testEngine      hamljs: '0.5.1',
silly testEngine      jade: '0.16.2',
silly testEngine      stylus: '0.13.0',
silly testEngine      should: '0.3.2',
silly testEngine      'express-messages': '0.0.2',
silly testEngine      'node-markdown': '>= 0.0.1',
silly testEngine      'connect-redis': '>= 0.0.1' },
silly testEngine   keywords: [ 'framework', 'sinatra', 'web', 'rest', 'restful' ],
silly testEngine   repository: { type: 'git', url: 'git://github.com/visionmedia/express.git' },
silly testEngine   main: 'index',
silly testEngine   bin: { express: './bin/express' },
silly testEngine   scripts: { test: 'make test', prepublish: 'npm prune' },
silly testEngine   engines: { node: '>= 0.4.1 < 0.7.0' },
silly testEngine   _npmUser: { name: 'architectd', email: 'craig.j.condon@gmail.com' },
silly testEngine   _id: 'express@2.5.5',
silly testEngine   _engineSupported: true,
silly testEngine   _npmVersion: '1.0.104',
silly testEngine   _nodeVersion: 'v0.6.0',
silly testEngine   _defaultsLoaded: true }
verbose caching /Users/craigcondon/Dropbox/Developer/Jobs/xbrowsertesting/private/DesktopController/node/node_modules/express/package.json
verbose loadDefaults express@2.5.5
silly testEngine { name: 'fig',
silly testEngine   description: 'async view for node, and the web',
silly testEngine   version: '0.0.6',
silly testEngine   author: { name: 'Craig Condon' },
silly testEngine   repository: { type: 'git', url: 'git://github.com/crcn/fig.git' },
silly testEngine   directories: { lib: './lib' },
silly testEngine   dependencies: { sk: '*', structr: '*', malt: '*', jsdom: '*' },
silly testEngine   main: './lib/index.js',
silly testEngine   _npmUser: { name: 'architectd', email: 'craig.j.condon@gmail.com' },
silly testEngine   _id: 'fig@0.0.6',
silly testEngine   devDependencies: {},
silly testEngine   engines: { node: '*' },
silly testEngine   _engineSupported: true,
silly testEngine   _npmVersion: '1.0.104',
silly testEngine   _nodeVersion: 'v0.6.0',
silly testEngine   _defaultsLoaded: true }
verbose caching /Users/craigcondon/Dropbox/Developer/Jobs/xbrowsertesting/private/DesktopController/node/node_modules/fig/package.json
verbose loadDefaults fig@0.0.6
silly testEngine { author: { name: 'Craig Condon' },
silly testEngine   name: 'haba',
silly testEngine   description: 'Plugin library',
silly testEngine   version: '0.0.6',
silly testEngine   repository: { type: 'git', url: 'git://github.com/crcn/haba.git' },
silly testEngine   dependencies: { tq: '0.0.1', structr: '0.1.0' },
silly testEngine   devDependencies: {},
silly testEngine   main: './lib/index.js',
silly testEngine   _npmUser: { name: 'architectd', email: 'craig.j.condon@gmail.com' },
silly testEngine   _id: 'haba@0.0.6',
silly testEngine   engines: { node: '*' },
silly testEngine   _engineSupported: true,
silly testEngine   _npmVersion: '1.0.104',
silly testEngine   _nodeVersion: 'v0.6.0',
silly testEngine   _defaultsLoaded: true }
verbose caching /Users/craigcondon/Dropbox/Developer/Jobs/xbrowsertesting/private/DesktopController/node/node_modules/haba/package.json
verbose loadDefaults haba@0.0.6
silly testEngine { name: 'haba.dnode',
silly testEngine   description: 'dnode plugin for haba',
silly testEngine   version: '0.0.1',
silly testEngine   repository: { url: '' },
silly testEngine   engines: { node: '*' },
silly testEngine   dependencies: { dnode: '*' },
silly testEngine   devDependencies: {},
silly testEngine   main: './lib/index.js',
silly testEngine   _npmUser: { name: 'architectd', email: 'craig.j.condon@gmail.com' },
silly testEngine   _id: 'haba.dnode@0.0.1',
silly testEngine   _engineSupported: true,
silly testEngine   _npmVersion: '1.0.104',
silly testEngine   _nodeVersion: 'v0.6.0',
silly testEngine   _defaultsLoaded: true }
verbose caching /Users/craigcondon/Dropbox/Developer/Jobs/xbrowsertesting/private/DesktopController/node/node_modules/haba.dnode/package.json
verbose loadDefaults haba.dnode@0.0.1
silly testEngine { name: 'hogan.js',
silly testEngine   description: 'A mustache compiler.',
silly testEngine   version: '1.0.4-dev',
silly testEngine   keywords: [ 'mustache', 'template' ],
silly testEngine   main: './lib/hogan.js',
silly testEngine   homepage: 'http://twitter.github.com/hogan.js/',
silly testEngine   author: { name: 'Twitter Inc.' },
silly testEngine   repository: { type: 'git', url: 'git://github.com/twitter/hogan.js.git' },
silly testEngine   licenses: 
silly testEngine    [ { type: 'Apache-2.0',
silly testEngine        url: 'http://www.apache.org/licenses/LICENSE-2.0' } ],
silly testEngine   _npmUser: { name: 'architectd', email: 'craig.j.condon@gmail.com' },
silly testEngine   _id: 'hogan.js@1.0.4-dev',
silly testEngine   dependencies: {},
silly testEngine   devDependencies: {},
silly testEngine   engines: { node: '*' },
silly testEngine   _engineSupported: true,
silly testEngine   _npmVersion: '1.0.104',
silly testEngine   _nodeVersion: 'v0.6.0',
silly testEngine   _defaultsLoaded: true }
verbose caching /Users/craigcondon/Dropbox/Developer/Jobs/xbrowsertesting/private/DesktopController/node/node_modules/hogan.js/package.json
verbose loadDefaults hogan.js@1.0.4-dev
WARN thrift@0.7.0 package.json: bugs['web'] should probably be bugs['url']
silly testEngine { name: 'thrift',
silly testEngine   description: 'node.js bindings for the Apache Thrift RPC system',
silly testEngine   homepage: 'http://thrift.apache.org/',
silly testEngine   repository: 
silly testEngine    { type: 'svn',
silly testEngine      url: 'http://svn.apache.org/repos/asf/thrift/trunk/' },
silly testEngine   version: '0.7.0',
silly testEngine   author: 
silly testEngine    { name: 'Apache Thrift Developers',
silly testEngine      email: 'dev@thrift.apache.org',
silly testEngine      url: 'http://thrift.apache.org' },
silly testEngine   licenses: 
silly testEngine    [ { type: 'Apache-2.0',
silly testEngine        url: 'http://www.apache.org/licenses/LICENSE-2.0' } ],
silly testEngine   bugs: 
silly testEngine    { email: 'dev@thrift.apache.org',
silly testEngine      url: 'https://issues.apache.org/jira/browse/THRIFT' },
silly testEngine   directories: { lib: './lib/thrift' },
silly testEngine   main: './lib/thrift',
silly testEngine   engines: { node: '>= 0.2.4' },
silly testEngine   _npmUser: { name: 'architectd', email: 'craig.j.condon@gmail.com' },
silly testEngine   _id: 'thrift@0.7.0',
silly testEngine   dependencies: {},
silly testEngine   devDependencies: {},
silly testEngine   _engineSupported: true,
silly testEngine   _npmVersion: '1.0.104',
silly testEngine   _nodeVersion: 'v0.6.0',
silly testEngine   _defaultsLoaded: true }
verbose caching /Users/craigcondon/Dropbox/Developer/Jobs/xbrowsertesting/private/DesktopController/node/node_modules/thrift/package.json
verbose loadDefaults thrift@0.7.0
verbose from cache /Users/craigcondon/Dropbox/Developer/Jobs/xbrowsertesting/private/DesktopController/node/package.json
verbose into /Users/craigcondon/Dropbox/Developer/Jobs/xbrowsertesting/private/DesktopController/node [ 'git+https://github.com/tsyd/proxy-tamper.git' ]
verbose cache add git+https://github.com/tsyd/proxy-tamper.git
verbose cache add [ 'git+https://github.com/tsyd/proxy-tamper.git', null ]
silly cache add: name, spec, args [ undefined,
silly cache add: name, spec, args   'git+https://github.com/tsyd/proxy-tamper.git',
silly cache add: name, spec, args   [ 'git+https://github.com/tsyd/proxy-tamper.git', null ] ]
verbose parsed url { protocol: 'githttps:',
verbose parsed url   slashes: true,
verbose parsed url   host: 'github.com',
verbose parsed url   hostname: 'github.com',
verbose parsed url   href: 'githttps://github.com/tsyd/proxy-tamper.git',
verbose parsed url   pathname: '/tsyd/proxy-tamper.git',
verbose parsed url   path: '/tsyd/proxy-tamper.git' }
verbose addRemoteGit [ 'https://github.com/tsyd/proxy-tamper.git', 'master' ]
verbose mkdir (expected) error ENOENT, No such file or directory '/var/folders/VZ/VZ7Arqy7GlOx8ABOk-8phk+++TI/-Tmp-/npm-1326566588661'
verbose mkdir done: /var/folders/VZ/VZ7Arqy7GlOx8ABOk-8phk+++TI/-Tmp-/npm-1326566588661 755
silly exec git "clone" "https://github.com/tsyd/proxy-tamper.git" "/var/folders/VZ/VZ7Arqy7GlOx8ABOk-8phk+++TI/-Tmp-/npm-1326566588661/1326566588661-0.7800740785896778"
silly spawning [ 'git',
silly spawning   [ 'clone',
silly spawning     'https://github.com/tsyd/proxy-tamper.git',
silly spawning     '/var/folders/VZ/VZ7Arqy7GlOx8ABOk-8phk+++TI/-Tmp-/npm-1326566588661/1326566588661-0.7800740785896778' ],
silly spawning   null ]
verbose git clone https://github.com/tsyd/proxy-tamper.git Cloning into /var/folders/VZ/VZ7Arqy7GlOx8ABOk-8phk+++TI/-Tmp-/npm-1326566588661/1326566588661-0.7800740785896778...
silly exec git "checkout" "master"
silly spawning [ 'git',
silly spawning   [ 'checkout', 'master' ],
silly spawning   '/var/folders/VZ/VZ7Arqy7GlOx8ABOk-8phk+++TI/-Tmp-/npm-1326566588661/1326566588661-0.7800740785896778' ]
verbose git checkout master Already on 'master'
ERR! Error: ENOENT, No such file or directory '/var/folders/VZ/VZ7Arqy7GlOx8ABOk-8phk+++TI/-Tmp-/npm-1326566588661/1326566588661-0.7800740785896778/package.json'
ERR! Report this *entire* log at:
ERR!     <http://github.com/isaacs/npm/issues>
ERR! or email it to:
ERR!     <npm-@googlegroups.com>
ERR! 
ERR! System Darwin 10.7.0
ERR! command "node" "/usr/local/bin/npm" "install" "git+https://github.com/tsyd/proxy-tamper.git"
ERR! cwd /Users/craigcondon/Dropbox/Developer/Jobs/xbrowsertesting/private/DesktopController/node
ERR! node -v v0.6.0
ERR! npm -v 1.0.104
ERR! path /var/folders/VZ/VZ7Arqy7GlOx8ABOk-8phk+++TI/-Tmp-/npm-1326566588661/1326566588661-0.7800740785896778/package.json
ERR! code ENOENT
verbose exit [ 1, true ]
