Build started 3/21/2012 3:20:57 PM.
     1>Project "\\vmware-host\Shared Folders\craigcondon\Development\eyebrowse\projects\src\rdesktop\rdesktop\rdesktop.vcxproj" on node 2 (build target(s)).
     1>InitializeBuildStatus:
         Creating "Debug\rdesktop.unsuccessfulbuild" because "AlwaysCreate" was specified.
       ClCompile:
         All outputs are up-to-date.
         C:\Program Files\Microsoft Visual Studio 10.0\VC\bin\CL.exe /c /ZI /nologo /W3 /WX- /Od /Oy- /D WIN32 /D _DEBUG /D _CONSOLE /D _UNICODE /D UNICODE /Gm /EHsc /RTC1 /MDd /GS /fp:precise /Zc:wchar_t /Zc:forScope /Yu"StdAfx.h" /Fp"Debug\rdesktop.pch" /Fo"Debug\\" /Fd"Debug\vc100.pdb" /Gd /TP /analyze- /errorReport:prompt rdesktop.cpp
         rdesktop.cpp
     1>\\vmware-host\shared folders\craigcondon\development\eyebrowse\projects\src\rdesktop\rdesktop\rdesktop.cpp(40): warning C4129: 'w' : unrecognized character escape sequence
     1>\\vmware-host\shared folders\craigcondon\development\eyebrowse\projects\src\rdesktop\rdesktop\rdesktop.cpp(40): warning C4129: 's' : unrecognized character escape sequence
     1>\\vmware-host\shared folders\craigcondon\development\eyebrowse\projects\src\rdesktop\rdesktop\rdesktop.cpp(40): warning C4129: 'c' : unrecognized character escape sequence
       ManifestResourceCompile:
         C:\Program Files\Microsoft SDKs\Windows\v7.0A\bin\rc.exe /nologo /fo"Debug\rdesktop.exe.embed.manifest.res" Debug\rdesktop_manifest.rc 
       Link:
         C:\Program Files\Microsoft Visual Studio 10.0\VC\bin\link.exe /ERRORREPORT:PROMPT /OUT:"\\vmware-host\Shared Folders\craigcondon\Development\eyebrowse\projects\src\rdesktop\Debug\rdesktop.exe" /INCREMENTAL /NOLOGO kernel32.lib user32.lib gdi32.lib winspool.lib comdlg32.lib advapi32.lib shell32.lib ole32.lib oleaut32.lib uuid.lib odbc32.lib odbccp32.lib /MANIFEST /ManifestFile:"Debug\rdesktop.exe.intermediate.manifest" /MANIFESTUAC:"level='asInvoker' uiAccess='false'" /DEBUG /PDB:"\\vmware-host\Shared Folders\craigcondon\Development\eyebrowse\projects\src\rdesktop\Debug\rdesktop.pdb" /SUBSYSTEM:CONSOLE /TLBID:1 /DYNAMICBASE /NXCOMPAT /IMPLIB:"\\vmware-host\Shared Folders\craigcondon\Development\eyebrowse\projects\src\rdesktop\Debug\rdesktop.lib" /MACHINE:X86 Debug\rdesktop.exe.embed.manifest.res
         Debug\rdesktop.obj
         Debug\stdafx.obj
       Manifest:
         C:\Program Files\Microsoft SDKs\Windows\v7.0A\bin\mt.exe /nologo /verbose /out:"Debug\rdesktop.exe.embed.manifest" /manifest Debug\rdesktop.exe.intermediate.manifest
         C:\Program Files\Microsoft SDKs\Windows\v7.0A\bin\rc.exe /nologo /fo"Debug\rdesktop.exe.embed.manifest.res" Debug\rdesktop_manifest.rc 
       LinkEmbedManifest:
         C:\Program Files\Microsoft Visual Studio 10.0\VC\bin\link.exe /ERRORREPORT:PROMPT /OUT:"\\vmware-host\Shared Folders\craigcondon\Development\eyebrowse\projects\src\rdesktop\Debug\rdesktop.exe" /INCREMENTAL /NOLOGO kernel32.lib user32.lib gdi32.lib winspool.lib comdlg32.lib advapi32.lib shell32.lib ole32.lib oleaut32.lib uuid.lib odbc32.lib odbccp32.lib /MANIFEST /ManifestFile:"Debug\rdesktop.exe.intermediate.manifest" /MANIFESTUAC:"level='asInvoker' uiAccess='false'" /DEBUG /PDB:"\\vmware-host\Shared Folders\craigcondon\Development\eyebrowse\projects\src\rdesktop\Debug\rdesktop.pdb" /SUBSYSTEM:CONSOLE /TLBID:1 /DYNAMICBASE /NXCOMPAT /IMPLIB:"\\vmware-host\Shared Folders\craigcondon\Development\eyebrowse\projects\src\rdesktop\Debug\rdesktop.lib" /MACHINE:X86 Debug\rdesktop.exe.embed.manifest.res
         Debug\rdesktop.obj
         Debug\stdafx.obj
         rdesktop.vcxproj -> \\vmware-host\Shared Folders\craigcondon\Development\eyebrowse\projects\src\rdesktop\Debug\rdesktop.exe
       FinalizeBuildStatus:
         Deleting file "Debug\rdesktop.unsuccessfulbuild".
         Touching "Debug\rdesktop.lastbuildstate".
     1>Done Building Project "\\vmware-host\Shared Folders\craigcondon\Development\eyebrowse\projects\src\rdesktop\rdesktop\rdesktop.vcxproj" (build target(s)).

Build succeeded.

Time Elapsed 00:00:02.82
