0 info it worked if it ends with ok
1 verbose cli [ 'node', '/usr/local/bin/npm', 'start' ]
2 info using npm@2.14.7
3 info using node@v0.10.4
4 verbose run-script [ 'prestart', 'start', 'poststart' ]
5 info prestart browsertap@1.0.0
6 info start browsertap@1.0.0
7 verbose unsafe-perm in lifecycle true
8 info browsertap@1.0.0 Failed to exec start script
9 verbose stack Error: browsertap@1.0.0 start: `cd apps/api; npm start`
9 verbose stack Exit status 1
9 verbose stack     at EventEmitter.<anonymous> (/usr/local/lib/node_modules/npm/lib/utils/lifecycle.js:214:16)
9 verbose stack     at EventEmitter.emit (events.js:98:17)
9 verbose stack     at ChildProcess.<anonymous> (/usr/local/lib/node_modules/npm/lib/utils/spawn.js:24:14)
9 verbose stack     at ChildProcess.EventEmitter.emit (events.js:98:17)
9 verbose stack     at maybeClose (child_process.js:730:16)
9 verbose stack     at Process.ChildProcess._handle.onexit (child_process.js:797:5)
10 verbose pkgid browsertap@1.0.0
11 verbose cwd /Users/crcn/Developer/jobs/browsertap
12 error Darwin 15.0.0
13 error argv "node" "/usr/local/bin/npm" "start"
14 error node v0.10.4
15 error npm  v2.14.7
16 error code ELIFECYCLE
17 error browsertap@1.0.0 start: `cd apps/api; npm start`
17 error Exit status 1
18 error Failed at the browsertap@1.0.0 start script 'cd apps/api; npm start'.
18 error This is most likely a problem with the browsertap package,
18 error not with npm itself.
18 error Tell the author that this fails on your system:
18 error     cd apps/api; npm start
18 error You can get their info via:
18 error     npm owner ls browsertap
18 error There is likely additional logging output above.
19 verbose exit [ 1, true ]
