Build started 10/18/2012 8:35:42 PM.
     1>Project "\\vmware-host\Shared Folders\craigcondon\Development\tests\resize\resize\resize.vcxproj" on node 2 (build target(s)).
     1>InitializeBuildStatus:
         Creating "Debug\resize.unsuccessfulbuild" because "AlwaysCreate" was specified.
       ClCompile:
         All outputs are up-to-date.
         C:\Program Files\Microsoft Visual Studio 10.0\VC\bin\CL.exe /c /ZI /nologo /W3 /WX- /Od /Oy- /D WIN32 /D _DEBUG /D _CONSOLE /D _UNICODE /D UNICODE /Gm /EHsc /RTC1 /MDd /GS /fp:precise /Zc:wchar_t /Zc:forScope /Yu"StdAfx.h" /Fp"Debug\resize.pch" /Fo"Debug\\" /Fd"Debug\vc100.pdb" /Gd /TP /analyze- /errorReport:prompt resize.cpp
         resize.cpp
       ManifestResourceCompile:
         C:\Program Files\Microsoft SDKs\Windows\v7.0A\bin\rc.exe /nologo /fo"Debug\resize.exe.embed.manifest.res" Debug\resize_manifest.rc 
       Link:
         C:\Program Files\Microsoft Visual Studio 10.0\VC\bin\link.exe /ERRORREPORT:PROMPT /OUT:"\\vmware-host\Shared Folders\craigcondon\Development\tests\resize\Debug\resize.exe" /INCREMENTAL /NOLOGO kernel32.lib user32.lib gdi32.lib winspool.lib comdlg32.lib advapi32.lib shell32.lib ole32.lib oleaut32.lib uuid.lib odbc32.lib odbccp32.lib /MANIFEST /ManifestFile:"Debug\resize.exe.intermediate.manifest" /MANIFESTUAC:"level='asInvoker' uiAccess='false'" /DEBUG /PDB:"\\vmware-host\Shared Folders\craigcondon\Development\tests\resize\Debug\resize.pdb" /SUBSYSTEM:CONSOLE /TLBID:1 /DYNAMICBASE /NXCOMPAT /IMPLIB:"\\vmware-host\Shared Folders\craigcondon\Development\tests\resize\Debug\resize.lib" /MACHINE:X86 Debug\resize.exe.embed.manifest.res
         Debug\resize.obj
         Debug\stdafx.obj
       Manifest:
         C:\Program Files\Microsoft SDKs\Windows\v7.0A\bin\mt.exe /nologo /verbose /out:"Debug\resize.exe.embed.manifest" /manifest Debug\resize.exe.intermediate.manifest
         C:\Program Files\Microsoft SDKs\Windows\v7.0A\bin\rc.exe /nologo /fo"Debug\resize.exe.embed.manifest.res" Debug\resize_manifest.rc 
       LinkEmbedManifest:
         All outputs are up-to-date.
         resize.vcxproj -> \\vmware-host\Shared Folders\craigcondon\Development\tests\resize\Debug\resize.exe
       FinalizeBuildStatus:
         Deleting file "Debug\resize.unsuccessfulbuild".
         Touching "Debug\resize.lastbuildstate".
     1>Done Building Project "\\vmware-host\Shared Folders\craigcondon\Development\tests\resize\resize\resize.vcxproj" (build target(s)).

Build succeeded.

Time Elapsed 00:00:02.21
