0 info it worked if it ends with ok
1 verbose cli [ 'node', '/usr/local/bin/npm', 'i' ]
2 info using npm@1.1.63
3 info using node@v0.8.12
4 verbose read json /Users/craigcondon/Development/eyebrowse/apps_v1.5/package.json
5 error install Couldn't read dependencies
6 error Error: ENOENT, open '/Users/craigcondon/Development/eyebrowse/apps_v1.5/package.json'
7 error If you need help, you may report this log at:
7 error     <http://github.com/isaacs/npm/issues>
7 error or email it to:
7 error     <npm-@googlegroups.com>
8 error System Darwin 10.7.0
9 error command "node" "/usr/local/bin/npm" "i"
10 error cwd /Users/craigcondon/Development/eyebrowse/apps_v1.5
11 error node -v v0.8.12
12 error npm -v 1.1.63
13 error path /Users/craigcondon/Development/eyebrowse/apps_v1.5/package.json
14 error code ENOENT
15 error errno 34
16 verbose exit [ 34, true ]
