0 info it worked if it ends with ok
1 verbose cli [ 'node', '/usr/local/bin/npm', 'i', 'dsync' ]
2 info using npm@1.1.65
3 info using node@v0.8.14
4 verbose read json /Users/apple/Developer/eyebrowse/apps_v1.5/puppeteer/package.json
5 verbose read json /Users/apple/Developer/eyebrowse/apps_v1.5/puppeteer/node_modules/clone/package.json
6 verbose read json /Users/apple/Developer/eyebrowse/apps_v1.5/puppeteer/node_modules/dnode/package.json
7 verbose read json /Users/apple/Developer/eyebrowse/apps_v1.5/puppeteer/node_modules/dsync/package.json
8 verbose read json /Users/apple/Developer/eyebrowse/apps_v1.5/puppeteer/node_modules/filternet/package.json
9 verbose read json /Users/apple/Developer/eyebrowse/apps_v1.5/puppeteer/node_modules/shoe/package.json
10 verbose read json /Users/apple/Developer/eyebrowse/apps_v1.5/puppeteer/node_modules/traverse/package.json
11 verbose from cache /Users/apple/Developer/eyebrowse/apps_v1.5/puppeteer/package.json
12 verbose readDependencies using package.json deps
13 verbose cache add [ 'dsync', null ]
14 silly cache add name=undefined spec="dsync" args=["dsync",null]
15 verbose parsed url { pathname: 'dsync', path: 'dsync', href: 'dsync' }
16 silly lockFile 847690b1-dsync dsync
17 verbose lock dsync /Users/apple/.npm/847690b1-dsync.lock
18 silly lockFile 847690b1-dsync dsync
19 verbose addNamed [ 'dsync', '' ]
20 verbose addNamed [ null, '' ]
21 silly lockFile 4b990708-dsync dsync@
22 verbose lock dsync@ /Users/apple/.npm/4b990708-dsync.lock
23 silly addNameRange { name: 'dsync', range: '', hasData: false }
24 verbose url raw dsync
25 verbose url resolving [ 'https://registry.npmjs.org/', './dsync' ]
26 verbose url resolved https://registry.npmjs.org/dsync
27 info trying registry request attempt 1 at 09:49:05
28 http GET https://registry.npmjs.org/dsync
29 http 200 https://registry.npmjs.org/dsync
30 silly registry.get cb [ 200,
30 silly registry.get   { vary: 'Accept',
30 silly registry.get     server: 'CouchDB/1.2.0 (Erlang OTP/R15B)',
30 silly registry.get     etag: '"BGDBD2MLN8UAMRCGAJQX36HHA"',
30 silly registry.get     date: 'Sun, 04 Nov 2012 15:48:54 GMT',
30 silly registry.get     'content-type': 'application/json',
30 silly registry.get     'content-length': '1630' } ]
31 silly addNameRange number 2 { name: 'dsync', range: '', hasData: true }
32 silly addNameRange versions [ 'dsync', [ '0.0.1' ] ]
33 verbose addNamed [ 'dsync', '0.0.1' ]
34 verbose addNamed [ '0.0.1', '0.0.1' ]
35 silly lockFile d353eb57-dsync-0-0-1 dsync@0.0.1
36 verbose lock dsync@0.0.1 /Users/apple/.npm/d353eb57-dsync-0-0-1.lock
37 silly lockFile ccb9058c--npmjs-org-dsync-dsync-0-0-1-tgz https://registry.npmjs.org/dsync/-/dsync-0.0.1.tgz
38 verbose lock https://registry.npmjs.org/dsync/-/dsync-0.0.1.tgz /Users/apple/.npm/ccb9058c--npmjs-org-dsync-dsync-0-0-1-tgz.lock
39 verbose addRemoteTarball [ 'https://registry.npmjs.org/dsync/-/dsync-0.0.1.tgz',
39 verbose addRemoteTarball   '95af82d3b699f31ef165f4c2ab72fa5f7d4bd7f4' ]
40 info retry fetch attempt 1 at 09:49:06
41 verbose fetch to= /Users/apple/tmp/npm-14353/1352044146960-0.2401924675796181/tmp.tgz
42 http GET https://registry.npmjs.org/dsync/-/dsync-0.0.1.tgz
43 http 200 https://registry.npmjs.org/dsync/-/dsync-0.0.1.tgz
44 silly shasum updated bytes 2189
45 info shasum 95af82d3b699f31ef165f4c2ab72fa5f7d4bd7f4
45 info shasum /Users/apple/tmp/npm-14353/1352044146960-0.2401924675796181/tmp.tgz
46 verbose tar unpack /Users/apple/tmp/npm-14353/1352044146960-0.2401924675796181/tmp.tgz
47 silly lockFile f2dc464f-46960-0-2401924675796181-package /Users/apple/tmp/npm-14353/1352044146960-0.2401924675796181/package
48 verbose lock /Users/apple/tmp/npm-14353/1352044146960-0.2401924675796181/package /Users/apple/.npm/f2dc464f-46960-0-2401924675796181-package.lock
49 silly gunzTarPerm modes [ '755', '644' ]
50 silly gunzTarPerm extractEntry package.json
51 silly gunzTarPerm extractEntry README.md
52 silly gunzTarPerm extractEntry examples/ex1.js
53 silly gunzTarPerm extractEntry lib/index.js
54 verbose read json /Users/apple/tmp/npm-14353/1352044146960-0.2401924675796181/package/package.json
55 silly lockFile f2dc464f-46960-0-2401924675796181-package /Users/apple/tmp/npm-14353/1352044146960-0.2401924675796181/package
56 verbose from cache /Users/apple/tmp/npm-14353/1352044146960-0.2401924675796181/package/package.json
57 verbose tar pack [ '/Users/apple/.npm/dsync/0.0.1/package.tgz',
57 verbose tar pack   '/Users/apple/tmp/npm-14353/1352044146960-0.2401924675796181/package' ]
58 verbose tarball /Users/apple/.npm/dsync/0.0.1/package.tgz
59 verbose folder /Users/apple/tmp/npm-14353/1352044146960-0.2401924675796181/package
60 silly lockFile c951041a-pple-npm-dsync-0-0-1-package-tgz /Users/apple/.npm/dsync/0.0.1/package.tgz
61 verbose lock /Users/apple/.npm/dsync/0.0.1/package.tgz /Users/apple/.npm/c951041a-pple-npm-dsync-0-0-1-package-tgz.lock
62 silly lockFile c951041a-pple-npm-dsync-0-0-1-package-tgz /Users/apple/.npm/dsync/0.0.1/package.tgz
63 silly lockFile 54ad3caa-rs-apple-npm-dsync-0-0-1-package /Users/apple/.npm/dsync/0.0.1/package
64 verbose lock /Users/apple/.npm/dsync/0.0.1/package /Users/apple/.npm/54ad3caa-rs-apple-npm-dsync-0-0-1-package.lock
65 silly lockFile 54ad3caa-rs-apple-npm-dsync-0-0-1-package /Users/apple/.npm/dsync/0.0.1/package
66 verbose tar unpack /Users/apple/.npm/dsync/0.0.1/package.tgz
67 silly lockFile 54ad3caa-rs-apple-npm-dsync-0-0-1-package /Users/apple/.npm/dsync/0.0.1/package
68 verbose lock /Users/apple/.npm/dsync/0.0.1/package /Users/apple/.npm/54ad3caa-rs-apple-npm-dsync-0-0-1-package.lock
69 silly gunzTarPerm modes [ '755', '644' ]
70 silly gunzTarPerm extractEntry package.json
71 silly gunzTarPerm extractEntry README.md
72 silly gunzTarPerm extractEntry examples/ex1.js
73 silly gunzTarPerm extractEntry lib/index.js
74 verbose read json /Users/apple/.npm/dsync/0.0.1/package/package.json
75 silly lockFile 54ad3caa-rs-apple-npm-dsync-0-0-1-package /Users/apple/.npm/dsync/0.0.1/package
76 silly shasum updated bytes 2194
77 info shasum 9105a0b61835638a54fe5e0fe9b27179d133a888
77 info shasum /Users/apple/.npm/dsync/0.0.1/package.tgz
78 verbose from cache /Users/apple/.npm/dsync/0.0.1/package/package.json
79 verbose chmod /Users/apple/.npm/dsync/0.0.1/package.tgz 644
80 verbose chown /Users/apple/.npm/dsync/0.0.1/package.tgz [ 0, 20 ]
81 silly lockFile ccb9058c--npmjs-org-dsync-dsync-0-0-1-tgz https://registry.npmjs.org/dsync/-/dsync-0.0.1.tgz
82 silly lockFile d353eb57-dsync-0-0-1 dsync@0.0.1
83 silly lockFile 4b990708-dsync dsync@
84 silly resolved [ { name: 'dsync',
84 silly resolved     version: '0.0.1',
84 silly resolved     description: '```javascript',
84 silly resolved     main: './lib/index.js',
84 silly resolved     scripts: { test: 'echo "Error: no test specified" && exit 1' },
84 silly resolved     dependencies:
84 silly resolved      { traverse: 'git+ssh://git@github.com:crcn/js-traverse.git',
84 silly resolved        'deep-extend': '0.2.x',
84 silly resolved        dref: '0.0.x',
84 silly resolved        underscore: '1.4.x' },
84 silly resolved     repository:
84 silly resolved      { type: 'git',
84 silly resolved        url: 'https://crcn:KQ3Lz6ca@github.com/crcn/dsync.js' },
84 silly resolved     author: '',
84 silly resolved     license: 'BSD',
84 silly resolved     readme: '\n\n###Example\n\n```javascript\n\nvar dsync = require("dsync");\n\nvar target = {\n\tname: "craig",\n\tsave: function() {\n\t\t//do nothing\n\t},\n\ttoPublic: function() {\n\t\treturn target;\n\t}\n};\n\n\nvar syncable = dsync(target);\n\n```\n',
84 silly resolved     readmeFilename: 'README.md',
84 silly resolved     _id: 'dsync@0.0.1',
84 silly resolved     dist: { shasum: '9105a0b61835638a54fe5e0fe9b27179d133a888' },
84 silly resolved     _from: 'dsync' } ]
85 info install dsync@0.0.1 into /Users/apple/Developer/eyebrowse/apps_v1.5/puppeteer
86 info installOne dsync@0.0.1
87 verbose from cache /Users/apple/.npm/dsync/0.0.1/package/package.json
88 info /Users/apple/Developer/eyebrowse/apps_v1.5/puppeteer/node_modules/dsync unbuild
89 verbose from cache /Users/apple/Developer/eyebrowse/apps_v1.5/puppeteer/node_modules/dsync/package.json
90 info preuninstall dsync@0.0.1
91 info uninstall dsync@0.0.1
92 verbose true,/Users/apple/Developer/eyebrowse/apps_v1.5/puppeteer/node_modules,/Users/apple/Developer/eyebrowse/apps_v1.5/puppeteer/node_modules unbuild dsync@0.0.1
93 info postuninstall dsync@0.0.1
94 verbose tar unpack /Users/apple/.npm/dsync/0.0.1/package.tgz
95 silly lockFile cf4822a9-1-5-puppeteer-node-modules-dsync /Users/apple/Developer/eyebrowse/apps_v1.5/puppeteer/node_modules/dsync
96 verbose lock /Users/apple/Developer/eyebrowse/apps_v1.5/puppeteer/node_modules/dsync /Users/apple/.npm/cf4822a9-1-5-puppeteer-node-modules-dsync.lock
97 silly gunzTarPerm modes [ '755', '644' ]
98 silly gunzTarPerm extractEntry package.json
99 silly gunzTarPerm extractEntry README.md
100 silly gunzTarPerm extractEntry examples/ex1.js
101 silly gunzTarPerm extractEntry lib/index.js
102 verbose read json /Users/apple/Developer/eyebrowse/apps_v1.5/puppeteer/node_modules/dsync/package.json
103 silly lockFile cf4822a9-1-5-puppeteer-node-modules-dsync /Users/apple/Developer/eyebrowse/apps_v1.5/puppeteer/node_modules/dsync
104 info preinstall dsync@0.0.1
105 verbose from cache /Users/apple/Developer/eyebrowse/apps_v1.5/puppeteer/node_modules/dsync/package.json
106 verbose readDependencies using package.json deps
107 verbose from cache /Users/apple/Developer/eyebrowse/apps_v1.5/puppeteer/node_modules/dsync/package.json
108 verbose readDependencies using package.json deps
109 verbose cache add [ 'traverse@git+ssh://git@github.com:crcn/js-traverse.git',
109 verbose cache add   null ]
110 silly cache add name=undefined spec="traverse@git+ssh://git@github.com:crcn/js-traverse.git" args=["traverse@git+ssh://git@github.com:crcn/js-traverse.git",null]
111 verbose parsed url { pathname: 'traverse@git+ssh://git@github.com:crcn/js-traverse.git',
111 verbose parsed url   path: 'traverse@git+ssh://git@github.com:crcn/js-traverse.git',
111 verbose parsed url   href: 'traverse@git+ssh://git@github.com:crcn/js-traverse.git' }
112 silly cache add name="traverse" spec="git+ssh://git@github.com:crcn/js-traverse.git" args=["traverse","git+ssh://git@github.com:crcn/js-traverse.git"]
113 verbose parsed url { protocol: 'git+ssh:',
113 verbose parsed url   slashes: true,
113 verbose parsed url   auth: 'git',
113 verbose parsed url   host: 'github.com',
113 verbose parsed url   hostname: 'github.com',
113 verbose parsed url   href: 'git+ssh://git@github.com/:crcn/js-traverse.git',
113 verbose parsed url   pathname: '/:crcn/js-traverse.git',
113 verbose parsed url   path: '/:crcn/js-traverse.git' }
114 silly lockFile 033cc35e--github-com-crcn-js-traverse-git git+ssh://git@github.com:crcn/js-traverse.git
115 verbose lock git+ssh://git@github.com:crcn/js-traverse.git /Users/apple/.npm/033cc35e--github-com-crcn-js-traverse-git.lock
116 verbose cache add [ 'deep-extend@0.2.x', null ]
117 silly cache add name=undefined spec="deep-extend@0.2.x" args=["deep-extend@0.2.x",null]
118 verbose parsed url { pathname: 'deep-extend@0.2.x',
118 verbose parsed url   path: 'deep-extend@0.2.x',
118 verbose parsed url   href: 'deep-extend@0.2.x' }
119 silly cache add name="deep-extend" spec="0.2.x" args=["deep-extend","0.2.x"]
120 verbose parsed url { pathname: '0.2.x', path: '0.2.x', href: '0.2.x' }
121 verbose addNamed [ 'deep-extend', '0.2.x' ]
122 verbose addNamed [ null, '>=0.2.0- <0.3.0-' ]
123 silly lockFile 7b489343-deep-extend-0-2-x deep-extend@0.2.x
124 verbose lock deep-extend@0.2.x /Users/apple/.npm/7b489343-deep-extend-0-2-x.lock
125 verbose addRemoteGit [ 'git@github.com:crcn/js-traverse.git', 'master' ]
126 silly addNameRange { name: 'deep-extend',
126 silly addNameRange   range: '>=0.2.0- <0.3.0-',
126 silly addNameRange   hasData: false }
127 verbose url raw deep-extend
128 verbose url resolving [ 'https://registry.npmjs.org/', './deep-extend' ]
129 verbose url resolved https://registry.npmjs.org/deep-extend
130 info trying registry request attempt 1 at 09:49:07
131 http GET https://registry.npmjs.org/deep-extend
132 silly exec git "clone" "git@github.com:crcn/js-traverse.git" "/Users/apple/tmp/npm-14353/1352044147830-0.6264128684997559"
133 silly git,clone,git@github.com:crcn/js-traverse.git,/Users/apple/tmp/npm-14353/1352044147830-0.6264128684997559, spawning
134 verbose cache add [ 'dref@0.0.x', null ]
135 silly cache add name=undefined spec="dref@0.0.x" args=["dref@0.0.x",null]
136 verbose parsed url { pathname: 'dref@0.0.x',
136 verbose parsed url   path: 'dref@0.0.x',
136 verbose parsed url   href: 'dref@0.0.x' }
137 silly cache add name="dref" spec="0.0.x" args=["dref","0.0.x"]
138 verbose parsed url { pathname: '0.0.x', path: '0.0.x', href: '0.0.x' }
139 verbose addNamed [ 'dref', '0.0.x' ]
140 verbose addNamed [ null, '>=0.0.0- <0.1.0-' ]
141 silly lockFile dae56127-dref-0-0-x dref@0.0.x
142 verbose lock dref@0.0.x /Users/apple/.npm/dae56127-dref-0-0-x.lock
143 verbose cache add [ 'underscore@1.4.x', null ]
144 silly cache add name=undefined spec="underscore@1.4.x" args=["underscore@1.4.x",null]
145 verbose parsed url { pathname: 'underscore@1.4.x',
145 verbose parsed url   path: 'underscore@1.4.x',
145 verbose parsed url   href: 'underscore@1.4.x' }
146 silly cache add name="underscore" spec="1.4.x" args=["underscore","1.4.x"]
147 verbose parsed url { pathname: '1.4.x', path: '1.4.x', href: '1.4.x' }
148 verbose addNamed [ 'underscore', '1.4.x' ]
149 verbose addNamed [ null, '>=1.4.0- <1.5.0-' ]
150 silly lockFile 53dcd9dd-underscore-1-4-x underscore@1.4.x
151 verbose lock underscore@1.4.x /Users/apple/.npm/53dcd9dd-underscore-1-4-x.lock
152 silly addNameRange { name: 'dref', range: '>=0.0.0- <0.1.0-', hasData: false }
153 silly addNameRange { name: 'underscore', range: '>=1.4.0- <1.5.0-', hasData: false }
154 verbose url raw underscore
155 verbose url resolving [ 'https://registry.npmjs.org/', './underscore' ]
156 verbose url resolved https://registry.npmjs.org/underscore
157 info trying registry request attempt 1 at 09:49:07
158 http GET https://registry.npmjs.org/underscore
159 verbose url raw dref
160 verbose url resolving [ 'https://registry.npmjs.org/', './dref' ]
161 verbose url resolved https://registry.npmjs.org/dref
162 info trying registry request attempt 1 at 09:49:07
163 verbose etag "2JEXO5G8NTPSC5QVGI3NKLS6B"
164 http GET https://registry.npmjs.org/dref
165 http 200 https://registry.npmjs.org/deep-extend
166 silly registry.get cb [ 200,
166 silly registry.get   { vary: 'Accept',
166 silly registry.get     server: 'CouchDB/1.2.0 (Erlang OTP/R15B)',
166 silly registry.get     etag: '"5RH9ZBPUB0HXNAZ5UJX4TAYKJ"',
166 silly registry.get     date: 'Sun, 04 Nov 2012 15:48:55 GMT',
166 silly registry.get     'content-type': 'application/json',
166 silly registry.get     'content-length': '3842' } ]
167 silly addNameRange number 2 { name: 'deep-extend', range: '>=0.2.0- <0.3.0-', hasData: true }
168 silly addNameRange versions [ 'deep-extend', [ '0.2.0', '0.2.1', '0.2.2' ] ]
169 verbose addNamed [ 'deep-extend', '0.2.2' ]
170 verbose addNamed [ '0.2.2', '0.2.2' ]
171 silly lockFile 41b658a0-deep-extend-0-2-2 deep-extend@0.2.2
172 verbose lock deep-extend@0.2.2 /Users/apple/.npm/41b658a0-deep-extend-0-2-2.lock
173 silly lockFile 15d51697-eep-extend-deep-extend-0-2-2-tgz https://registry.npmjs.org/deep-extend/-/deep-extend-0.2.2.tgz
174 verbose lock https://registry.npmjs.org/deep-extend/-/deep-extend-0.2.2.tgz /Users/apple/.npm/15d51697-eep-extend-deep-extend-0-2-2-tgz.lock
175 verbose addRemoteTarball [ 'https://registry.npmjs.org/deep-extend/-/deep-extend-0.2.2.tgz',
175 verbose addRemoteTarball   '92a65646fa84b91a43623b278ee6933965bf04a2' ]
176 info retry fetch attempt 1 at 09:49:08
177 verbose fetch to= /Users/apple/tmp/npm-14353/1352044148212-0.9556286882143468/tmp.tgz
178 http GET https://registry.npmjs.org/deep-extend/-/deep-extend-0.2.2.tgz
179 http 304 https://registry.npmjs.org/dref
180 silly registry.get cb [ 304,
180 silly registry.get   { server: 'CouchDB/1.2.0 (Erlang OTP/R15B)',
180 silly registry.get     etag: '"2JEXO5G8NTPSC5QVGI3NKLS6B"',
180 silly registry.get     date: 'Sun, 04 Nov 2012 15:48:55 GMT',
180 silly registry.get     'content-length': '0' } ]
181 verbose etag dref from cache
182 silly addNameRange number 2 { name: 'dref', range: '>=0.0.0- <0.1.0-', hasData: true }
183 silly addNameRange versions [ 'dref', [ '0.0.0', '0.0.1', '0.0.2' ] ]
184 verbose addNamed [ 'dref', '0.0.2' ]
185 verbose addNamed [ '0.0.2', '0.0.2' ]
186 silly lockFile f88c466b-dref-0-0-2 dref@0.0.2
187 verbose lock dref@0.0.2 /Users/apple/.npm/f88c466b-dref-0-0-2.lock
188 verbose read json /Users/apple/.npm/dref/0.0.2/package/package.json
189 silly lockFile f88c466b-dref-0-0-2 dref@0.0.2
190 silly lockFile dae56127-dref-0-0-x dref@0.0.x
191 http 200 https://registry.npmjs.org/underscore
192 silly registry.get cb [ 200,
192 silly registry.get   { vary: 'Accept',
192 silly registry.get     server: 'CouchDB/1.2.0 (Erlang OTP/R15B)',
192 silly registry.get     etag: '"AL6YSVD9CG7JSUCMDDIXI8S2T"',
192 silly registry.get     date: 'Sun, 04 Nov 2012 15:48:55 GMT',
192 silly registry.get     'content-type': 'application/json',
192 silly registry.get     'content-length': '27714' } ]
193 silly addNameRange number 2 { name: 'underscore', range: '>=1.4.0- <1.5.0-', hasData: true }
194 silly addNameRange versions [ 'underscore',
194 silly addNameRange   [ '1.0.3',
194 silly addNameRange     '1.0.4',
194 silly addNameRange     '1.1.0',
194 silly addNameRange     '1.1.1',
194 silly addNameRange     '1.1.2',
194 silly addNameRange     '1.1.3',
194 silly addNameRange     '1.1.4',
194 silly addNameRange     '1.1.5',
194 silly addNameRange     '1.1.6',
194 silly addNameRange     '1.1.7',
194 silly addNameRange     '1.2.0',
194 silly addNameRange     '1.2.1',
194 silly addNameRange     '1.2.2',
194 silly addNameRange     '1.2.3',
194 silly addNameRange     '1.2.4',
194 silly addNameRange     '1.3.0',
194 silly addNameRange     '1.3.1',
194 silly addNameRange     '1.3.2',
194 silly addNameRange     '1.3.3',
194 silly addNameRange     '1.4.0',
194 silly addNameRange     '1.4.1',
194 silly addNameRange     '1.4.2' ] ]
195 verbose addNamed [ 'underscore', '1.4.2' ]
196 verbose addNamed [ '1.4.2', '1.4.2' ]
197 silly lockFile 90fe1547-underscore-1-4-2 underscore@1.4.2
198 verbose lock underscore@1.4.2 /Users/apple/.npm/90fe1547-underscore-1-4-2.lock
199 silly lockFile 8cce9e59--underscore-underscore-1-4-2-tgz https://registry.npmjs.org/underscore/-/underscore-1.4.2.tgz
200 verbose lock https://registry.npmjs.org/underscore/-/underscore-1.4.2.tgz /Users/apple/.npm/8cce9e59--underscore-underscore-1-4-2-tgz.lock
201 verbose addRemoteTarball [ 'https://registry.npmjs.org/underscore/-/underscore-1.4.2.tgz',
201 verbose addRemoteTarball   'cb2aae6a7999a89fd55aaee75bce0311698cebfb' ]
202 info retry fetch attempt 1 at 09:49:08
203 verbose fetch to= /Users/apple/tmp/npm-14353/1352044148374-0.7684303598944098/tmp.tgz
204 http GET https://registry.npmjs.org/underscore/-/underscore-1.4.2.tgz
205 http 200 https://registry.npmjs.org/deep-extend/-/deep-extend-0.2.2.tgz
206 silly shasum updated bytes 1188
207 info shasum 92a65646fa84b91a43623b278ee6933965bf04a2
207 info shasum /Users/apple/tmp/npm-14353/1352044148212-0.9556286882143468/tmp.tgz
208 verbose tar unpack /Users/apple/tmp/npm-14353/1352044148212-0.9556286882143468/tmp.tgz
209 silly lockFile 35b4877d-48212-0-9556286882143468-package /Users/apple/tmp/npm-14353/1352044148212-0.9556286882143468/package
210 verbose lock /Users/apple/tmp/npm-14353/1352044148212-0.9556286882143468/package /Users/apple/.npm/35b4877d-48212-0-9556286882143468-package.lock
211 silly gunzTarPerm modes [ '755', '644' ]
212 silly gunzTarPerm extractEntry index.js
213 silly gunzTarPerm extractEntry package.json
214 silly gunzTarPerm extractEntry README.md
215 verbose read json /Users/apple/tmp/npm-14353/1352044148212-0.9556286882143468/package/package.json
216 silly lockFile 35b4877d-48212-0-9556286882143468-package /Users/apple/tmp/npm-14353/1352044148212-0.9556286882143468/package
217 verbose from cache /Users/apple/tmp/npm-14353/1352044148212-0.9556286882143468/package/package.json
218 verbose tar pack [ '/Users/apple/.npm/deep-extend/0.2.2/package.tgz',
218 verbose tar pack   '/Users/apple/tmp/npm-14353/1352044148212-0.9556286882143468/package' ]
219 verbose tarball /Users/apple/.npm/deep-extend/0.2.2/package.tgz
220 verbose folder /Users/apple/tmp/npm-14353/1352044148212-0.9556286882143468/package
221 silly lockFile 17fc0a66-pm-deep-extend-0-2-2-package-tgz /Users/apple/.npm/deep-extend/0.2.2/package.tgz
222 verbose lock /Users/apple/.npm/deep-extend/0.2.2/package.tgz /Users/apple/.npm/17fc0a66-pm-deep-extend-0-2-2-package-tgz.lock
223 silly lockFile 17fc0a66-pm-deep-extend-0-2-2-package-tgz /Users/apple/.npm/deep-extend/0.2.2/package.tgz
224 silly lockFile 51e8687f-le-npm-deep-extend-0-2-2-package /Users/apple/.npm/deep-extend/0.2.2/package
225 verbose lock /Users/apple/.npm/deep-extend/0.2.2/package /Users/apple/.npm/51e8687f-le-npm-deep-extend-0-2-2-package.lock
226 silly lockFile 51e8687f-le-npm-deep-extend-0-2-2-package /Users/apple/.npm/deep-extend/0.2.2/package
227 verbose tar unpack /Users/apple/.npm/deep-extend/0.2.2/package.tgz
228 silly lockFile 51e8687f-le-npm-deep-extend-0-2-2-package /Users/apple/.npm/deep-extend/0.2.2/package
229 verbose lock /Users/apple/.npm/deep-extend/0.2.2/package /Users/apple/.npm/51e8687f-le-npm-deep-extend-0-2-2-package.lock
230 silly gunzTarPerm modes [ '755', '644' ]
231 silly gunzTarPerm extractEntry package.json
232 silly gunzTarPerm extractEntry README.md
233 silly gunzTarPerm extractEntry index.js
234 verbose read json /Users/apple/.npm/deep-extend/0.2.2/package/package.json
235 silly lockFile 51e8687f-le-npm-deep-extend-0-2-2-package /Users/apple/.npm/deep-extend/0.2.2/package
236 silly shasum updated bytes 1186
237 info shasum 7e03e103fd83322143f509545102fa409cfe272d
237 info shasum /Users/apple/.npm/deep-extend/0.2.2/package.tgz
238 verbose from cache /Users/apple/.npm/deep-extend/0.2.2/package/package.json
239 verbose chmod /Users/apple/.npm/deep-extend/0.2.2/package.tgz 644
240 verbose chown /Users/apple/.npm/deep-extend/0.2.2/package.tgz [ 0, 20 ]
241 silly lockFile 15d51697-eep-extend-deep-extend-0-2-2-tgz https://registry.npmjs.org/deep-extend/-/deep-extend-0.2.2.tgz
242 silly lockFile 41b658a0-deep-extend-0-2-2 deep-extend@0.2.2
243 silly lockFile 7b489343-deep-extend-0-2-x deep-extend@0.2.x
244 http 200 https://registry.npmjs.org/underscore/-/underscore-1.4.2.tgz
245 silly shasum updated bytes 40960
246 silly shasum updated bytes 20876
247 info shasum cb2aae6a7999a89fd55aaee75bce0311698cebfb
247 info shasum /Users/apple/tmp/npm-14353/1352044148374-0.7684303598944098/tmp.tgz
248 verbose tar unpack /Users/apple/tmp/npm-14353/1352044148374-0.7684303598944098/tmp.tgz
249 silly lockFile 6480b1c7-48374-0-7684303598944098-package /Users/apple/tmp/npm-14353/1352044148374-0.7684303598944098/package
250 verbose lock /Users/apple/tmp/npm-14353/1352044148374-0.7684303598944098/package /Users/apple/.npm/6480b1c7-48374-0-7684303598944098-package.lock
251 silly gunzTarPerm modes [ '755', '644' ]
252 silly gunzTarPerm extractEntry package.json
253 silly gunzTarPerm modified mode [ 'package.json', 438, 420 ]
254 silly gunzTarPerm extractEntry .npmignore
255 silly gunzTarPerm modified mode [ '.npmignore', 438, 420 ]
256 silly gunzTarPerm extractEntry README.md
257 silly gunzTarPerm modified mode [ 'README.md', 438, 420 ]
258 silly gunzTarPerm extractEntry LICENSE
259 silly gunzTarPerm modified mode [ 'LICENSE', 438, 420 ]
260 silly gunzTarPerm extractEntry index.js
261 silly gunzTarPerm modified mode [ 'index.js', 438, 420 ]
262 silly gunzTarPerm extractEntry underscore-min.js
263 silly gunzTarPerm modified mode [ 'underscore-min.js', 438, 420 ]
264 silly gunzTarPerm extractEntry underscore.js
265 silly gunzTarPerm modified mode [ 'underscore.js', 438, 420 ]
266 silly gunzTarPerm extractEntry index.html
267 silly gunzTarPerm modified mode [ 'index.html', 438, 420 ]
268 silly gunzTarPerm extractEntry CNAME
269 silly gunzTarPerm modified mode [ 'CNAME', 438, 420 ]
270 silly gunzTarPerm extractEntry favicon.ico
271 silly gunzTarPerm modified mode [ 'favicon.ico', 438, 420 ]
272 silly gunzTarPerm extractEntry raw/underscore.psd
273 silly gunzTarPerm modified mode [ 'raw/underscore.psd', 438, 420 ]
274 silly gunzTarPerm extractEntry CONTRIBUTING.md
275 silly gunzTarPerm modified mode [ 'CONTRIBUTING.md', 438, 420 ]
276 verbose read json /Users/apple/tmp/npm-14353/1352044148374-0.7684303598944098/package/package.json
277 silly lockFile 6480b1c7-48374-0-7684303598944098-package /Users/apple/tmp/npm-14353/1352044148374-0.7684303598944098/package
278 verbose from cache /Users/apple/tmp/npm-14353/1352044148374-0.7684303598944098/package/package.json
279 verbose tar pack [ '/Users/apple/.npm/underscore/1.4.2/package.tgz',
279 verbose tar pack   '/Users/apple/tmp/npm-14353/1352044148374-0.7684303598944098/package' ]
280 verbose tarball /Users/apple/.npm/underscore/1.4.2/package.tgz
281 verbose folder /Users/apple/tmp/npm-14353/1352044148374-0.7684303598944098/package
282 silly lockFile cbe6eef9-npm-underscore-1-4-2-package-tgz /Users/apple/.npm/underscore/1.4.2/package.tgz
283 verbose lock /Users/apple/.npm/underscore/1.4.2/package.tgz /Users/apple/.npm/cbe6eef9-npm-underscore-1-4-2-package-tgz.lock
284 silly lockFile cbe6eef9-npm-underscore-1-4-2-package-tgz /Users/apple/.npm/underscore/1.4.2/package.tgz
285 silly lockFile 98c7ca78-ple-npm-underscore-1-4-2-package /Users/apple/.npm/underscore/1.4.2/package
286 verbose lock /Users/apple/.npm/underscore/1.4.2/package /Users/apple/.npm/98c7ca78-ple-npm-underscore-1-4-2-package.lock
287 silly lockFile 98c7ca78-ple-npm-underscore-1-4-2-package /Users/apple/.npm/underscore/1.4.2/package
288 verbose tar unpack /Users/apple/.npm/underscore/1.4.2/package.tgz
289 silly lockFile 98c7ca78-ple-npm-underscore-1-4-2-package /Users/apple/.npm/underscore/1.4.2/package
290 verbose lock /Users/apple/.npm/underscore/1.4.2/package /Users/apple/.npm/98c7ca78-ple-npm-underscore-1-4-2-package.lock
291 silly gunzTarPerm modes [ '755', '644' ]
292 silly gunzTarPerm extractEntry package.json
293 silly gunzTarPerm extractEntry .npmignore
294 silly gunzTarPerm extractEntry README.md
295 silly gunzTarPerm extractEntry LICENSE
296 silly gunzTarPerm extractEntry index.js
297 silly gunzTarPerm extractEntry underscore-min.js
298 silly gunzTarPerm extractEntry underscore.js
299 silly gunzTarPerm extractEntry index.html
300 silly gunzTarPerm extractEntry CNAME
301 silly gunzTarPerm extractEntry favicon.ico
302 silly gunzTarPerm extractEntry raw/underscore.psd
303 silly gunzTarPerm extractEntry CONTRIBUTING.md
304 verbose read json /Users/apple/.npm/underscore/1.4.2/package/package.json
305 silly lockFile 98c7ca78-ple-npm-underscore-1-4-2-package /Users/apple/.npm/underscore/1.4.2/package
306 silly shasum updated bytes 40960
307 silly shasum updated bytes 20864
308 info shasum a67b6b7282c3d20832f1af0ee2a2bcecbb533b79
308 info shasum /Users/apple/.npm/underscore/1.4.2/package.tgz
309 verbose from cache /Users/apple/.npm/underscore/1.4.2/package/package.json
310 verbose chmod /Users/apple/.npm/underscore/1.4.2/package.tgz 644
311 verbose chown /Users/apple/.npm/underscore/1.4.2/package.tgz [ 0, 20 ]
312 silly lockFile 8cce9e59--underscore-underscore-1-4-2-tgz https://registry.npmjs.org/underscore/-/underscore-1.4.2.tgz
313 silly lockFile 90fe1547-underscore-1-4-2 underscore@1.4.2
314 silly lockFile 53dcd9dd-underscore-1-4-x underscore@1.4.x
315 error git clone git@github.com:crcn/js-traverse.git Cloning into /Users/apple/tmp/npm-14353/1352044147830-0.6264128684997559...
315 error git clone git@github.com:crcn/js-traverse.git
315 error git clone git@github.com:crcn/js-traverse.git Permission denied (publickey).
315 error git clone git@github.com:crcn/js-traverse.git fatal: The remote end hung up unexpectedly
316 silly lockFile fb164d8d--github-com-crcn-js-traverse-git git@github.com:crcn/js-traverse.git
317 verbose about to build /Users/apple/Developer/eyebrowse/apps_v1.5/puppeteer/node_modules/dsync
318 info /Users/apple/Developer/eyebrowse/apps_v1.5/puppeteer/node_modules/dsync unbuild
319 verbose from cache /Users/apple/Developer/eyebrowse/apps_v1.5/puppeteer/node_modules/dsync/package.json
320 info preuninstall dsync@0.0.1
321 info uninstall dsync@0.0.1
322 verbose true,/Users/apple/Developer/eyebrowse/apps_v1.5/puppeteer/node_modules,/Users/apple/Developer/eyebrowse/apps_v1.5/puppeteer/node_modules unbuild dsync@0.0.1
323 info postuninstall dsync@0.0.1
324 error Error: `git "clone" "git@github.com:crcn/js-traverse.git" "/Users/apple/tmp/npm-14353/1352044147830-0.6264128684997559"` failed with 128
324 error     at ChildProcess.<anonymous> (/usr/local/lib/node_modules/npm/lib/utils/exec.js:56:20)
324 error     at ChildProcess.EventEmitter.emit (events.js:99:17)
324 error     at Process._handle.onexit (child_process.js:678:10)
325 error If you need help, you may report this log at:
325 error     <http://github.com/isaacs/npm/issues>
325 error or email it to:
325 error     <npm-@googlegroups.com>
326 error System Darwin 11.4.0
327 error command "node" "/usr/local/bin/npm" "i" "dsync"
328 error cwd /Users/apple/Developer/eyebrowse/apps_v1.5/puppeteer
329 error node -v v0.8.14
330 error npm -v 1.1.65
331 verbose exit [ 1, true ]
