0 info it worked if it ends with ok
1 verbose cli [ 'node', '/usr/local/bin/npm', 'init' ]
2 info using npm@1.1.63
3 info using node@v0.8.12
4 verbose read json /Users/craigcondon/Development/eyebrowse/apps_v1.5/puppet/package.json
5 silly package data { name: 'puppet',
5 silly package data   version: '0.0.0',
5 silly package data   description: 'replacement for sprite. The puppet exposes API for the following activities:',
5 silly package data   main: './lib/index.js',
5 silly package data   scripts: { test: 'echo "Error: no test specified" && exit 1' },
5 silly package data   repository: '',
5 silly package data   author: '',
5 silly package data   license: 'BSD',
5 silly package data   directories: { example: 'examples' },
5 silly package data   dependencies:
5 silly package data    { domready: '~0.2.11',
5 silly package data      filternet: '~0.0.2',
5 silly package data      mkdirp: '~0.3.4',
5 silly package data      browserify: '~1.16.1',
5 silly package data      async: '~0.1.22',
5 silly package data      dnode: '~1.0.1',
5 silly package data      outcome: '~0.0.6',
5 silly package data      sift: '~0.0.5',
5 silly package data      express: '~3.0.0rc5',
5 silly package data      shoe: '~0.0.7',
5 silly package data      tq: '~0.0.4',
5 silly package data      structr: '~0.2.2',
5 silly package data      underscore: '~1.4.2',
5 silly package data      'structr-step': '~0.0.3',
5 silly package data      step: '~0.0.5' },
5 silly package data   devDependencies: {} }
6 info init written successfully
7 error Error: EACCES, open '/Users/craigcondon/Development/eyebrowse/apps_v1.5/puppet/package.json'
7 error  { [Error: EACCES, open '/Users/craigcondon/Development/eyebrowse/apps_v1.5/puppet/package.json']
7 error   errno: 3,
7 error   code: 'EACCES',
7 error   path: '/Users/craigcondon/Development/eyebrowse/apps_v1.5/puppet/package.json' }
8 error Please try running this command again as root/Administrator.
9 error System Darwin 10.7.0
10 error command "node" "/usr/local/bin/npm" "init"
11 error cwd /Users/craigcondon/Development/eyebrowse/apps_v1.5/puppet
12 error node -v v0.8.12
13 error npm -v 1.1.63
14 error path /Users/craigcondon/Development/eyebrowse/apps_v1.5/puppet/package.json
15 error code EACCES
16 error errno 3
17 error stack Error: EACCES, open '/Users/craigcondon/Development/eyebrowse/apps_v1.5/puppet/package.json'
18 verbose exit [ 3, true ]
